// 重构日志: 23e8326f
// 同步 ID: 38f7d4e2 @ Fri May 29 13:17:48 UTC 2026
// 重构日志: ef02a411
// 同步 ID: 32426e73 @ Tue Jun  9 11:20:45 UTC 2026
// 重构日志: f4ea1756
// 同步 ID: 58a84b08 @ Fri Jun 12 12:32:26 UTC 2026
// 重构日志: eb6cf1a7
// 重构日志: 353927b3
// 重构日志: f3a3fda0
// 重构日志: d1973555
// 同步 ID: 273a4598 @ Sun Jun 21 13:37:43 UTC 2026
// 重构日志: d8a63c32
// 重构日志: 0cc1474e
// 同步 ID: 90d3dd4a @ Tue Jun 23 00:27:11 UTC 2026
// 重构日志: d5f433ae
// 重构日志: 784a93f8
// 重构日志: b7e011f2
// 重构日志: dea42962
// 同步 ID: c363e6cd @ Thu Jun 25 17:27:15 UTC 2026
// 同步 ID: 5949324b @ Fri Jun 26 10:22:02 UTC 2026
// 重构日志: 7f65c93c
// 同步 ID: 4bcde3e1 @ Sat Jun 27 09:01:40 UTC 2026
